  Source.cpp
  The contents of <filesystem> are available only with C++17 or later.
C:\Program Files\ImageMagick-7.0.11-Q16-HDRI\include\Magick++\Drawable.h(463,30): warning C4251: 'Magick::DrawableBezier::_coordinates': class 'std::vector<Magick::Coordinate,std::allocator<Magick::Coordinate>>' needs to have dll-interface to be used by clients of class 'Magick::DrawableBezier'
C:\Program Files\ImageMagick-7.0.11-Q16-HDRI\include\Magick++\Drawable.h(71): message : see declaration of 'std::vector<Magick::Coordinate,std::allocator<Magick::Coordinate>>'
C:\Program Files\ImageMagick-7.0.11-Q16-HDRI\include\Magick++\Drawable.h(572,18): warning C4251: 'Magick::DrawablePushClipPath::_id': class 'std::basic_string<char,std::char_traits<char>,std::allocator<char>>' needs to have dll-interface to be used by clients of class 'Magick::DrawablePushClipPath'
C:\Program Files (x86)\Microsoft Visual Studio\2019\Community\VC\Tools\MSVC\14.28.29910\include\xstring(4648): message : see declaration of 'std::basic_string<char,std::char_traits<char>,std::allocator<char>>'
C:\Program Files\ImageMagick-7.0.11-Q16-HDRI\include\Magick++\Drawable.h(600,20): warning C4251: 'Magick::DrawableClipPath::_id': class 'std::basic_string<char,std::char_traits<char>,std::allocator<char>>' needs to have dll-interface to be used by clients of class 'Magick::DrawableClipPath'
C:\Program Files (x86)\Microsoft Visual Studio\2019\Community\VC\Tools\MSVC\14.28.29910\include\xstring(4648): message : see declaration of 'std::basic_string<char,std::char_traits<char>,std::allocator<char>>'
C:\Program Files\ImageMagick-7.0.11-Q16-HDRI\include\Magick++\Drawable.h(844,23): warning C4251: 'Magick::DrawableDensity::_density': class 'std::basic_string<char,std::char_traits<char>,std::allocator<char>>' needs to have dll-interface to be used by clients of class 'Magick::DrawableDensity'
C:\Program Files (x86)\Microsoft Visual Studio\2019\Community\VC\Tools\MSVC\14.28.29910\include\xstring(4648): message : see declaration of 'std::basic_string<char,std::char_traits<char>,std::allocator<char>>'
C:\Program Files\ImageMagick-7.0.11-Q16-HDRI\include\Magick++\Drawable.h(986,21): warning C4251: 'Magick::DrawableFillPatternUrl::_url': class 'std::basic_string<char,std::char_traits<char>,std::allocator<char>>' needs to have dll-interface to be used by clients of class 'Magick::DrawableFillPatternUrl'
C:\Program Files (x86)\Microsoft Visual Studio\2019\Community\VC\Tools\MSVC\14.28.29910\include\xstring(4648): message : see declaration of 'std::basic_string<char,std::char_traits<char>,std::allocator<char>>'
C:\Program Files\ImageMagick-7.0.11-Q16-HDRI\include\Magick++\Drawable.h(1081,22): warning C4251: 'Magick::DrawableFont::_font': class 'std::basic_string<char,std::char_traits<char>,std::allocator<char>>' needs to have dll-interface to be used by clients of class 'Magick::DrawableFont'
C:\Program Files (x86)\Microsoft Visual Studio\2019\Community\VC\Tools\MSVC\14.28.29910\include\xstring(4648): message : see declaration of 'std::basic_string<char,std::char_traits<char>,std::allocator<char>>'
C:\Program Files\ImageMagick-7.0.11-Q16-HDRI\include\Magick++\Drawable.h(1082,24): warning C4251: 'Magick::DrawableFont::_family': class 'std::basic_string<char,std::char_traits<char>,std::allocator<char>>' needs to have dll-interface to be used by clients of class 'Magick::DrawableFont'
C:\Program Files (x86)\Microsoft Visual Studio\2019\Community\VC\Tools\MSVC\14.28.29910\include\xstring(4648): message : see declaration of 'std::basic_string<char,std::char_traits<char>,std::allocator<char>>'
C:\Program Files\ImageMagick-7.0.11-Q16-HDRI\include\Magick++\Drawable.h(1198,18): warning C4251: 'Magick::DrawablePath::_path': class 'std::vector<Magick::VPath,std::allocator<Magick::VPath>>' needs to have dll-interface to be used by clients of class 'Magick::DrawablePath'
C:\Program Files\ImageMagick-7.0.11-Q16-HDRI\include\Magick++\Drawable.h(207): message : see declaration of 'std::vector<Magick::VPath,std::allocator<Magick::VPath>>'
C:\Program Files\ImageMagick-7.0.11-Q16-HDRI\include\Magick++\Drawable.h(1287,30): warning C4251: 'Magick::DrawablePolygon::_coordinates': class 'std::vector<Magick::Coordinate,std::allocator<Magick::Coordinate>>' needs to have dll-interface to be used by clients of class 'Magick::DrawablePolygon'
C:\Program Files\ImageMagick-7.0.11-Q16-HDRI\include\Magick++\Drawable.h(71): message : see declaration of 'std::vector<Magick::Coordinate,std::allocator<Magick::Coordinate>>'
C:\Program Files\ImageMagick-7.0.11-Q16-HDRI\include\Magick++\Drawable.h(1307,30): warning C4251: 'Magick::DrawablePolyline::_coordinates': class 'std::vector<Magick::Coordinate,std::allocator<Magick::Coordinate>>' needs to have dll-interface to be used by clients of class 'Magick::DrawablePolyline'
C:\Program Files\ImageMagick-7.0.11-Q16-HDRI\include\Magick++\Drawable.h(71): message : see declaration of 'std::vector<Magick::Coordinate,std::allocator<Magick::Coordinate>>'
C:\Program Files\ImageMagick-7.0.11-Q16-HDRI\include\Magick++\Drawable.h(1391,26): warning C4251: 'Magick::DrawablePushPattern::_id': class 'std::basic_string<char,std::char_traits<char>,std::allocator<char>>' needs to have dll-interface to be used by clients of class 'Magick::DrawablePushPattern'
C:\Program Files (x86)\Microsoft Visual Studio\2019\Community\VC\Tools\MSVC\14.28.29910\include\xstring(4648): message : see declaration of 'std::basic_string<char,std::char_traits<char>,std::allocator<char>>'
C:\Program Files\ImageMagick-7.0.11-Q16-HDRI\include\Magick++\Drawable.h(1877,19): warning C4251: 'Magick::DrawableStrokePatternUrl::_url': class 'std::basic_string<char,std::char_traits<char>,std::allocator<char>>' needs to have dll-interface to be used by clients of class 'Magick::DrawableStrokePatternUrl'
C:\Program Files (x86)\Microsoft Visual Studio\2019\Community\VC\Tools\MSVC\14.28.29910\include\xstring(4648): message : see declaration of 'std::basic_string<char,std::char_traits<char>,std::allocator<char>>'
C:\Program Files\ImageMagick-7.0.11-Q16-HDRI\include\Magick++\Drawable.h(2053,20): warning C4251: 'Magick::DrawableText::_text': class 'std::basic_string<char,std::char_traits<char>,std::allocator<char>>' needs to have dll-interface to be used by clients of class 'Magick::DrawableText'
C:\Program Files (x86)\Microsoft Visual Studio\2019\Community\VC\Tools\MSVC\14.28.29910\include\xstring(4648): message : see declaration of 'std::basic_string<char,std::char_traits<char>,std::allocator<char>>'
C:\Program Files\ImageMagick-7.0.11-Q16-HDRI\include\Magick++\Drawable.h(2054,24): warning C4251: 'Magick::DrawableText::_encoding': class 'std::basic_string<char,std::char_traits<char>,std::allocator<char>>' needs to have dll-interface to be used by clients of class 'Magick::DrawableText'
C:\Program Files (x86)\Microsoft Visual Studio\2019\Community\VC\Tools\MSVC\14.28.29910\include\xstring(4648): message : see declaration of 'std::basic_string<char,std::char_traits<char>,std::allocator<char>>'
C:\Program Files\ImageMagick-7.0.11-Q16-HDRI\include\Magick++\Drawable.h(2489,31): warning C4251: 'Magick::PathArcAbs::_coordinates': class 'std::vector<Magick::PathArcArgs,std::allocator<Magick::PathArcArgs>>' needs to have dll-interface to be used by clients of class 'Magick::PathArcAbs'
C:\Program Files\ImageMagick-7.0.11-Q16-HDRI\include\Magick++\Drawable.h(2454): message : see declaration of 'std::vector<Magick::PathArcArgs,std::allocator<Magick::PathArcArgs>>'
C:\Program Files\ImageMagick-7.0.11-Q16-HDRI\include\Magick++\Drawable.h(2511,31): warning C4251: 'Magick::PathArcRel::_coordinates': class 'std::vector<Magick::PathArcArgs,std::allocator<Magick::PathArcArgs>>' needs to have dll-interface to be used by clients of class 'Magick::PathArcRel'
C:\Program Files\ImageMagick-7.0.11-Q16-HDRI\include\Magick++\Drawable.h(2454): message : see declaration of 'std::vector<Magick::PathArcArgs,std::allocator<Magick::PathArcArgs>>'
C:\Program Files\ImageMagick-7.0.11-Q16-HDRI\include\Magick++\Drawable.h(2662,28): warning C4251: 'Magick::PathCurvetoAbs::_args': class 'std::vector<Magick::PathCurvetoArgs,std::allocator<Magick::PathCurvetoArgs>>' needs to have dll-interface to be used by clients of class 'Magick::PathCurvetoAbs'
C:\Program Files\ImageMagick-7.0.11-Q16-HDRI\include\Magick++\Drawable.h(2628): message : see declaration of 'std::vector<Magick::PathCurvetoArgs,std::allocator<Magick::PathCurvetoArgs>>'
C:\Program Files\ImageMagick-7.0.11-Q16-HDRI\include\Magick++\Drawable.h(2685,28): warning C4251: 'Magick::PathCurvetoRel::_args': class 'std::vector<Magick::PathCurvetoArgs,std::allocator<Magick::PathCurvetoArgs>>' needs to have dll-interface to be used by clients of class 'Magick::PathCurvetoRel'
C:\Program Files\ImageMagick-7.0.11-Q16-HDRI\include\Magick++\Drawable.h(2628): message : see declaration of 'std::vector<Magick::PathCurvetoArgs,std::allocator<Magick::PathCurvetoArgs>>'
C:\Program Files\ImageMagick-7.0.11-Q16-HDRI\include\Magick++\Drawable.h(2709,30): warning C4251: 'Magick::PathSmoothCurvetoAbs::_coordinates': class 'std::vector<Magick::Coordinate,std::allocator<Magick::Coordinate>>' needs to have dll-interface to be used by clients of class 'Magick::PathSmoothCurvetoAbs'
C:\Program Files\ImageMagick-7.0.11-Q16-HDRI\include\Magick++\Drawable.h(71): message : see declaration of 'std::vector<Magick::Coordinate,std::allocator<Magick::Coordinate>>'
C:\Program Files\ImageMagick-7.0.11-Q16-HDRI\include\Magick++\Drawable.h(2734,30): warning C4251: 'Magick::PathSmoothCurvetoRel::_coordinates': class 'std::vector<Magick::Coordinate,std::allocator<Magick::Coordinate>>' needs to have dll-interface to be used by clients of class 'Magick::PathSmoothCurvetoRel'
C:\Program Files\ImageMagick-7.0.11-Q16-HDRI\include\Magick++\Drawable.h(71): message : see declaration of 'std::vector<Magick::Coordinate,std::allocator<Magick::Coordinate>>'
C:\Program Files\ImageMagick-7.0.11-Q16-HDRI\include\Magick++\Drawable.h(2843,37): warning C4251: 'Magick::PathQuadraticCurvetoAbs::_args': class 'std::vector<Magick::PathQuadraticCurvetoArgs,std::allocator<Magick::PathQuadraticCurvetoArgs>>' needs to have dll-interface to be used by clients of class 'Magick::PathQuadraticCurvetoAbs'
C:\Program Files\ImageMagick-7.0.11-Q16-HDRI\include\Magick++\Drawable.h(2809): message : see declaration of 'std::vector<Magick::PathQuadraticCurvetoArgs,std::allocator<Magick::PathQuadraticCurvetoArgs>>'
C:\Program Files\ImageMagick-7.0.11-Q16-HDRI\include\Magick++\Drawable.h(2867,37): warning C4251: 'Magick::PathQuadraticCurvetoRel::_args': class 'std::vector<Magick::PathQuadraticCurvetoArgs,std::allocator<Magick::PathQuadraticCurvetoArgs>>' needs to have dll-interface to be used by clients of class 'Magick::PathQuadraticCurvetoRel'
C:\Program Files\ImageMagick-7.0.11-Q16-HDRI\include\Magick++\Drawable.h(2809): message : see declaration of 'std::vector<Magick::PathQuadraticCurvetoArgs,std::allocator<Magick::PathQuadraticCurvetoArgs>>'
C:\Program Files\ImageMagick-7.0.11-Q16-HDRI\include\Magick++\Drawable.h(2891,30): warning C4251: 'Magick::PathSmoothQuadraticCurvetoAbs::_coordinates': class 'std::vector<Magick::Coordinate,std::allocator<Magick::Coordinate>>' needs to have dll-interface to be used by clients of class 'Magick::PathSmoothQuadraticCurvetoAbs'
C:\Program Files\ImageMagick-7.0.11-Q16-HDRI\include\Magick++\Drawable.h(71): message : see declaration of 'std::vector<Magick::Coordinate,std::allocator<Magick::Coordinate>>'
C:\Program Files\ImageMagick-7.0.11-Q16-HDRI\include\Magick++\Drawable.h(2915,30): warning C4251: 'Magick::PathSmoothQuadraticCurvetoRel::_coordinates': class 'std::vector<Magick::Coordinate,std::allocator<Magick::Coordinate>>' needs to have dll-interface to be used by clients of class 'Magick::PathSmoothQuadraticCurvetoRel'
C:\Program Files\ImageMagick-7.0.11-Q16-HDRI\include\Magick++\Drawable.h(71): message : see declaration of 'std::vector<Magick::Coordinate,std::allocator<Magick::Coordinate>>'
C:\Program Files\ImageMagick-7.0.11-Q16-HDRI\include\Magick++\Drawable.h(2943,30): warning C4251: 'Magick::PathLinetoAbs::_coordinates': class 'std::vector<Magick::Coordinate,std::allocator<Magick::Coordinate>>' needs to have dll-interface to be used by clients of class 'Magick::PathLinetoAbs'
C:\Program Files\ImageMagick-7.0.11-Q16-HDRI\include\Magick++\Drawable.h(71): message : see declaration of 'std::vector<Magick::Coordinate,std::allocator<Magick::Coordinate>>'
C:\Program Files\ImageMagick-7.0.11-Q16-HDRI\include\Magick++\Drawable.h(2967,30): warning C4251: 'Magick::PathLinetoRel::_coordinates': class 'std::vector<Magick::Coordinate,std::allocator<Magick::Coordinate>>' needs to have dll-interface to be used by clients of class 'Magick::PathLinetoRel'
C:\Program Files\ImageMagick-7.0.11-Q16-HDRI\include\Magick++\Drawable.h(71): message : see declaration of 'std::vector<Magick::Coordinate,std::allocator<Magick::Coordinate>>'
C:\Program Files\ImageMagick-7.0.11-Q16-HDRI\include\Magick++\Drawable.h(3109,30): warning C4251: 'Magick::PathMovetoAbs::_coordinates': class 'std::vector<Magick::Coordinate,std::allocator<Magick::Coordinate>>' needs to have dll-interface to be used by clients of class 'Magick::PathMovetoAbs'
C:\Program Files\ImageMagick-7.0.11-Q16-HDRI\include\Magick++\Drawable.h(71): message : see declaration of 'std::vector<Magick::Coordinate,std::allocator<Magick::Coordinate>>'
C:\Program Files\ImageMagick-7.0.11-Q16-HDRI\include\Magick++\Drawable.h(3133,30): warning C4251: 'Magick::PathMovetoRel::_coordinates': class 'std::vector<Magick::Coordinate,std::allocator<Magick::Coordinate>>' needs to have dll-interface to be used by clients of class 'Magick::PathMovetoRel'
C:\Program Files\ImageMagick-7.0.11-Q16-HDRI\include\Magick++\Drawable.h(71): message : see declaration of 'std::vector<Magick::Coordinate,std::allocator<Magick::Coordinate>>'
C:\Program Files\ImageMagick-7.0.11-Q16-HDRI\include\Magick++\Exception.h(23,3): warning C4275: non dll-interface class 'std::exception' used as base for dll-interface class 'Magick::Exception'
C:\Program Files (x86)\Microsoft Visual Studio\2019\Community\VC\Tools\MSVC\14.28.29910\include\vcruntime_exception.h(48): message : see declaration of 'std::exception'
C:\Program Files\ImageMagick-7.0.11-Q16-HDRI\include\Magick++\Exception.h(22): message : see declaration of 'Magick::Exception'
C:\Program Files\ImageMagick-7.0.11-Q16-HDRI\include\Magick++\Exception.h(56,22): warning C4251: 'Magick::Exception::_what': class 'std::basic_string<char,std::char_traits<char>,std::allocator<char>>' needs to have dll-interface to be used by clients of class 'Magick::Exception'
C:\Program Files (x86)\Microsoft Visual Studio\2019\Community\VC\Tools\MSVC\14.28.29910\include\xstring(4648): message : see declaration of 'std::basic_string<char,std::char_traits<char>,std::allocator<char>>'
C:\Program Files\ImageMagick-7.0.11-Q16-HDRI\include\Magick++\Statistic.h(70,38): warning C4251: 'Magick::ChannelMoments::_huInvariants': class 'std::vector<double,std::allocator<double>>' needs to have dll-interface to be used by clients of class 'Magick::ChannelMoments'
C:\Program Files\ImageMagick-7.0.11-Q16-HDRI\include\Magick++\Statistic.h(70): message : see declaration of 'std::vector<double,std::allocator<double>>'
C:\Program Files\ImageMagick-7.0.11-Q16-HDRI\include\Magick++\Statistic.h(125,37): warning C4251: 'Magick::ChannelPerceptualHash::_srgbHuPhash': class 'std::vector<double,std::allocator<double>>' needs to have dll-interface to be used by clients of class 'Magick::ChannelPerceptualHash'
C:\Program Files\ImageMagick-7.0.11-Q16-HDRI\include\Magick++\Statistic.h(70): message : see declaration of 'std::vector<double,std::allocator<double>>'
C:\Program Files\ImageMagick-7.0.11-Q16-HDRI\include\Magick++\Statistic.h(126,37): warning C4251: 'Magick::ChannelPerceptualHash::_hclpHuPhash': class 'std::vector<double,std::allocator<double>>' needs to have dll-interface to be used by clients of class 'Magick::ChannelPerceptualHash'
C:\Program Files\ImageMagick-7.0.11-Q16-HDRI\include\Magick++\Statistic.h(70): message : see declaration of 'std::vector<double,std::allocator<double>>'
C:\Program Files\ImageMagick-7.0.11-Q16-HDRI\include\Magick++\Statistic.h(240,42): warning C4251: 'Magick::ImageMoments::_channels': class 'std::vector<Magick::ChannelMoments,std::allocator<Magick::ChannelMoments>>' needs to have dll-interface to be used by clients of class 'Magick::ImageMoments'
C:\Program Files\ImageMagick-7.0.11-Q16-HDRI\include\Magick++\Statistic.h(240): message : see declaration of 'std::vector<Magick::ChannelMoments,std::allocator<Magick::ChannelMoments>>'
C:\Program Files\ImageMagick-7.0.11-Q16-HDRI\include\Magick++\Statistic.h(278,49): warning C4251: 'Magick::ImagePerceptualHash::_channels': class 'std::vector<Magick::ChannelPerceptualHash,std::allocator<Magick::ChannelPerceptualHash>>' needs to have dll-interface to be used by clients of class 'Magick::ImagePerceptualHash'
C:\Program Files\ImageMagick-7.0.11-Q16-HDRI\include\Magick++\Statistic.h(278): message : see declaration of 'std::vector<Magick::ChannelPerceptualHash,std::allocator<Magick::ChannelPerceptualHash>>'
C:\Program Files\ImageMagick-7.0.11-Q16-HDRI\include\Magick++\Statistic.h(303,45): warning C4251: 'Magick::ImageStatistics::_channels': class 'std::vector<Magick::ChannelStatistics,std::allocator<Magick::ChannelStatistics>>' needs to have dll-interface to be used by clients of class 'Magick::ImageStatistics'
C:\Program Files\ImageMagick-7.0.11-Q16-HDRI\include\Magick++\Statistic.h(303): message : see declaration of 'std::vector<Magick::ChannelStatistics,std::allocator<Magick::ChannelStatistics>>'
C:\Program Files\ImageMagick-7.0.11-Q16-HDRI\include\Magick++\CoderInfo.h(76,29): warning C4251: 'Magick::CoderInfo::_description': class 'std::basic_string<char,std::char_traits<char>,std::allocator<char>>' needs to have dll-interface to be used by clients of class 'Magick::CoderInfo'
C:\Program Files (x86)\Microsoft Visual Studio\2019\Community\VC\Tools\MSVC\14.28.29910\include\xstring(4648): message : see declaration of 'std::basic_string<char,std::char_traits<char>,std::allocator<char>>'
C:\Program Files\ImageMagick-7.0.11-Q16-HDRI\include\Magick++\CoderInfo.h(81,26): warning C4251: 'Magick::CoderInfo::_mimeType': class 'std::basic_string<char,std::char_traits<char>,std::allocator<char>>' needs to have dll-interface to be used by clients of class 'Magick::CoderInfo'
C:\Program Files (x86)\Microsoft Visual Studio\2019\Community\VC\Tools\MSVC\14.28.29910\include\xstring(4648): message : see declaration of 'std::basic_string<char,std::char_traits<char>,std::allocator<char>>'
C:\Program Files\ImageMagick-7.0.11-Q16-HDRI\include\Magick++\CoderInfo.h(82,24): warning C4251: 'Magick::CoderInfo::_module': class 'std::basic_string<char,std::char_traits<char>,std::allocator<char>>' needs to have dll-interface to be used by clients of class 'Magick::CoderInfo'
C:\Program Files (x86)\Microsoft Visual Studio\2019\Community\VC\Tools\MSVC\14.28.29910\include\xstring(4648): message : see declaration of 'std::basic_string<char,std::char_traits<char>,std::allocator<char>>'
C:\Program Files\ImageMagick-7.0.11-Q16-HDRI\include\Magick++\CoderInfo.h(83,22): warning C4251: 'Magick::CoderInfo::_name': class 'std::basic_string<char,std::char_traits<char>,std::allocator<char>>' needs to have dll-interface to be used by clients of class 'Magick::CoderInfo'
C:\Program Files (x86)\Microsoft Visual Studio\2019\Community\VC\Tools\MSVC\14.28.29910\include\xstring(4648): message : see declaration of 'std::basic_string<char,std::char_traits<char>,std::allocator<char>>'
C:\Program Files\ImageMagick-7.0.11-Q16-HDRI\include\Magick++\Montage.h(98,26): warning C4251: 'Magick::Montage::_fileName': class 'std::basic_string<char,std::char_traits<char>,std::allocator<char>>' needs to have dll-interface to be used by clients of class 'Magick::Montage'
C:\Program Files (x86)\Microsoft Visual Studio\2019\Community\VC\Tools\MSVC\14.28.29910\include\xstring(4648): message : see declaration of 'std::basic_string<char,std::char_traits<char>,std::allocator<char>>'
C:\Program Files\ImageMagick-7.0.11-Q16-HDRI\include\Magick++\Montage.h(100,22): warning C4251: 'Magick::Montage::_font': class 'std::basic_string<char,std::char_traits<char>,std::allocator<char>>' needs to have dll-interface to be used by clients of class 'Magick::Montage'
C:\Program Files (x86)\Microsoft Visual Studio\2019\Community\VC\Tools\MSVC\14.28.29910\include\xstring(4648): message : see declaration of 'std::basic_string<char,std::char_traits<char>,std::allocator<char>>'
C:\Program Files\ImageMagick-7.0.11-Q16-HDRI\include\Magick++\Montage.h(103,23): warning C4251: 'Magick::Montage::_label': class 'std::basic_string<char,std::char_traits<char>,std::allocator<char>>' needs to have dll-interface to be used by clients of class 'Magick::Montage'
C:\Program Files (x86)\Microsoft Visual Studio\2019\Community\VC\Tools\MSVC\14.28.29910\include\xstring(4648): message : see declaration of 'std::basic_string<char,std::char_traits<char>,std::allocator<char>>'
C:\Program Files\ImageMagick-7.0.11-Q16-HDRI\include\Magick++\Montage.h(107,25): warning C4251: 'Magick::Montage::_texture': class 'std::basic_string<char,std::char_traits<char>,std::allocator<char>>' needs to have dll-interface to be used by clients of class 'Magick::Montage'
C:\Program Files (x86)\Microsoft Visual Studio\2019\Community\VC\Tools\MSVC\14.28.29910\include\xstring(4648): message : see declaration of 'std::basic_string<char,std::char_traits<char>,std::allocator<char>>'
C:\Program Files\ImageMagick-7.0.11-Q16-HDRI\include\Magick++\Montage.h(109,23): warning C4251: 'Magick::Montage::_title': class 'std::basic_string<char,std::char_traits<char>,std::allocator<char>>' needs to have dll-interface to be used by clients of class 'Magick::Montage'
C:\Program Files (x86)\Microsoft Visual Studio\2019\Community\VC\Tools\MSVC\14.28.29910\include\xstring(4648): message : see declaration of 'std::basic_string<char,std::char_traits<char>,std::allocator<char>>'
C:\Program Files\ImageMagick-7.0.11-Q16-HDRI\include\Magick++\STL.h(132,30): warning C4251: 'Magick::annotateImage::_text': class 'std::basic_string<char,std::char_traits<char>,std::allocator<char>>' needs to have dll-interface to be used by clients of class 'Magick::annotateImage'
C:\Program Files (x86)\Microsoft Visual Studio\2019\Community\VC\Tools\MSVC\14.28.29910\include\xstring(4648): message : see declaration of 'std::basic_string<char,std::char_traits<char>,std::allocator<char>>'
C:\Program Files\ImageMagick-7.0.11-Q16-HDRI\include\Magick++\STL.h(211,23): warning C4251: 'Magick::cdlImage::_cdl': class 'std::basic_string<char,std::char_traits<char>,std::allocator<char>>' needs to have dll-interface to be used by clients of class 'Magick::cdlImage'
C:\Program Files (x86)\Microsoft Visual Studio\2019\Community\VC\Tools\MSVC\14.28.29910\include\xstring(4648): message : see declaration of 'std::basic_string<char,std::char_traits<char>,std::allocator<char>>'
C:\Program Files\ImageMagick-7.0.11-Q16-HDRI\include\Magick++\STL.h(271,25): warning C4251: 'Magick::commentImage::_comment': class 'std::basic_string<char,std::char_traits<char>,std::allocator<char>>' needs to have dll-interface to be used by clients of class 'Magick::commentImage'
C:\Program Files (x86)\Microsoft Visual Studio\2019\Community\VC\Tools\MSVC\14.28.29910\include\xstring(4648): message : see declaration of 'std::basic_string<char,std::char_traits<char>,std::allocator<char>>'
C:\Program Files\ImageMagick-7.0.11-Q16-HDRI\include\Magick++\STL.h(383,31): warning C4251: 'Magick::drawImage::_drawableList': class 'std::vector<Magick::Drawable,std::allocator<Magick::Drawable>>' needs to have dll-interface to be used by clients of class 'Magick::drawImage'
C:\Program Files\ImageMagick-7.0.11-Q16-HDRI\include\Magick++\Drawable.h(144): message : see declaration of 'std::vector<Magick::Drawable,std::allocator<Magick::Drawable>>'
C:\Program Files\ImageMagick-7.0.11-Q16-HDRI\include\Magick++\STL.h(662,23): warning C4251: 'Magick::labelImage::_label': class 'std::basic_string<char,std::char_traits<char>,std::allocator<char>>' needs to have dll-interface to be used by clients of class 'Magick::labelImage'
C:\Program Files (x86)\Microsoft Visual Studio\2019\Community\VC\Tools\MSVC\14.28.29910\include\xstring(4648): message : see declaration of 'std::basic_string<char,std::char_traits<char>,std::allocator<char>>'
C:\Program Files\ImageMagick-7.0.11-Q16-HDRI\include\Magick++\STL.h(1292,35): warning C4251: 'Magick::backgroundTextureImage::_backgroundTexture': class 'std::basic_string<char,std::char_traits<char>,std::allocator<char>>' needs to have dll-interface to be used by clients of class 'Magick::backgroundTextureImage'
C:\Program Files (x86)\Microsoft Visual Studio\2019\Community\VC\Tools\MSVC\14.28.29910\include\xstring(4648): message : see declaration of 'std::basic_string<char,std::char_traits<char>,std::allocator<char>>'
C:\Program Files\ImageMagick-7.0.11-Q16-HDRI\include\Magick++\STL.h(1471,26): warning C4251: 'Magick::fileNameImage::_fileName': class 'std::basic_string<char,std::char_traits<char>,std::allocator<char>>' needs to have dll-interface to be used by clients of class 'Magick::fileNameImage'
C:\Program Files (x86)\Microsoft Visual Studio\2019\Community\VC\Tools\MSVC\14.28.29910\include\xstring(4648): message : see declaration of 'std::basic_string<char,std::char_traits<char>,std::allocator<char>>'
C:\Program Files\ImageMagick-7.0.11-Q16-HDRI\include\Magick++\STL.h(1495,22): warning C4251: 'Magick::fontImage::_font': class 'std::basic_string<char,std::char_traits<char>,std::allocator<char>>' needs to have dll-interface to be used by clients of class 'Magick::fontImage'
C:\Program Files (x86)\Microsoft Visual Studio\2019\Community\VC\Tools\MSVC\14.28.29910\include\xstring(4648): message : see declaration of 'std::basic_string<char,std::char_traits<char>,std::allocator<char>>'
C:\Program Files\ImageMagick-7.0.11-Q16-HDRI\include\Magick++\STL.h(1543,24): warning C4251: 'Magick::magickImage::_magick': class 'std::basic_string<char,std::char_traits<char>,std::allocator<char>>' needs to have dll-interface to be used by clients of class 'Magick::magickImage'
C:\Program Files (x86)\Microsoft Visual Studio\2019\Community\VC\Tools\MSVC\14.28.29910\include\xstring(4648): message : see declaration of 'std::basic_string<char,std::char_traits<char>,std::allocator<char>>'
C:\Program Files\ImageMagick-7.0.11-Q16-HDRI\include\Magick++\STL.h(1840,25): warning C4251: 'Magick::x11DisplayImage::_display': class 'std::basic_string<char,std::char_traits<char>,std::allocator<char>>' needs to have dll-interface to be used by clients of class 'Magick::x11DisplayImage'
C:\Program Files (x86)\Microsoft Visual Studio\2019\Community\VC\Tools\MSVC\14.28.29910\include\xstring(4648): message : see declaration of 'std::basic_string<char,std::char_traits<char>,std::allocator<char>>'
Source.obj : error LNK2019: unresolved external symbol "__declspec(dllimport) void __cdecl Magick::InitializeMagick(char const *)" (__imp_?InitializeMagick@Magick@@YAXPBD@Z) referenced in function _main
Source.obj : error LNK2019: unresolved external symbol "__declspec(dllimport) public: __thiscall Magick::Image::Image(class Magick::Image const &)" (__imp_??0Image@Magick@@QAE@ABV01@@Z) referenced in function "public: static void __cdecl std::_Default_allocator_traits<class std::allocator<class Magick::Image> >::construct<class Magick::Image,class Magick::Image &>(class std::allocator<class Magick::Image> &,class Magick::Image * const,class Magick::Image &)" (??$construct@VImage@Magick@@AAV12@@?$_Default_allocator_traits@V?$allocator@VImage@Magick@@@std@@@std@@SAXAAV?$allocator@VImage@Magick@@@1@QAVImage@Magick@@AAV34@@Z)
Source.obj : error LNK2019: unresolved external symbol "__declspec(dllimport) public: __thiscall Magick::Image::Image(class std::basic_string<char,struct std::char_traits<char>,class std::allocator<char> > const &)" (__imp_??0Image@Magick@@QAE@ABV?$basic_string@DU?$char_traits@D@std@@V?$allocator@D@2@@std@@@Z) referenced in function _main
Source.obj : error LNK2019: unresolved external symbol "__declspec(dllimport) public: virtual __thiscall Magick::Image::~Image(void)" (__imp_??1Image@Magick@@UAE@XZ) referenced in function "public: virtual void * __thiscall Magick::Image::`scalar deleting destructor'(unsigned int)" (??_GImage@Magick@@UAEPAXI@Z)
Source.obj : error LNK2019: unresolved external symbol "__declspec(dllimport) public: unsigned int __thiscall Magick::Image::columns(void)const " (__imp_?columns@Image@Magick@@QBEIXZ) referenced in function _main
Source.obj : error LNK2019: unresolved external symbol "__declspec(dllimport) public: unsigned int __thiscall Magick::Image::rows(void)const " (__imp_?rows@Image@Magick@@QBEIXZ) referenced in function _main
C:\Program Files\ImageMagick-7.0.11-Q16-HDRI\lib\CORE_RL_Magick++_.lib : warning LNK4272: library machine type 'x64' conflicts with target machine type 'x86'
C:\Program Files\ImageMagick-7.0.11-Q16-HDRI\lib\CORE_RL_MagickCore_.lib : warning LNK4272: library machine type 'x64' conflicts with target machine type 'x86'
C:\Program Files\ImageMagick-7.0.11-Q16-HDRI\lib\CORE_RL_MagickWand_.lib : warning LNK4272: library machine type 'x64' conflicts with target machine type 'x86'
C:\Users\ayraj\source\repos\ASCII Converter\Debug\ASCII Converter.exe : fatal error LNK1120: 6 unresolved externals
